{
  "stats": {
    "suites": 1,
    "tests": 1,
    "passes": 0,
    "pending": 0,
    "failures": 1,
    "start": "2026-05-08T19:15:10.622Z",
    "end": "2026-05-08T19:15:24.984Z",
    "duration": 14362,
    "testsRegistered": 1,
    "passPercent": 0,
    "pendingPercent": 0,
    "other": 0,
    "hasOther": false,
    "skipped": 0,
    "hasSkipped": false
  },
  "results": [
    {
      "uuid": "d539bc2f-fe04-4662-8e2b-ec6f7904d20a",
      "title": "",
      "fullFile": "cypress\\e2e\\logout.account.spec.ts",
      "file": "cypress\\e2e\\logout.account.spec.ts",
      "beforeHooks": [],
      "afterHooks": [],
      "tests": [],
      "suites": [
        {
          "uuid": "bfa0feb1-0a5a-4450-acd9-b5ebb4825cdb",
          "title": "[Cenario-003] - Logout e finalização",
          "fullFile": "",
          "file": "",
          "beforeHooks": [],
          "afterHooks": [],
          "tests": [
            {
              "title": "[CT-07] — Logout do sistema",
              "fullTitle": "[Cenario-003] - Logout e finalização [CT-07] — Logout do sistema",
              "timedOut": null,
              "duration": 12819,
              "state": "failed",
              "speed": null,
              "pass": false,
              "fail": true,
              "pending": false,
              "context": null,
              "code": "cy.contains(\"a\", \"Sign out\").should(\"be.visible\").click();\ncy.url().should(\"include\", \"/logout\");\ncy.contains(\"input\", \"Sign out\").should(\"be.visible\").click();\ncy.url().should(\"eq\", \"https://github.com/\");\ncy.contains(\"Sign in\").should(\"be.visible\");\ncy.get('[data-testid=\"github-avatar\"]').should(\"not.exist\");",
              "err": {
                "message": "AssertionError: Timed out retrying after 4000ms: expected 'https://github.com/?locale=pt-br' to equal 'https://github.com/'",
                "estack": "AssertionError: Timed out retrying after 4000ms: expected 'https://github.com/?locale=pt-br' to equal 'https://github.com/'\n    at Context.eval (webpack://cypress/./cypress/e2e/logout.account.spec.ts:17:13)",
                "diff": "- 'https://github.com/?locale=pt-br'\n+ 'https://github.com/'\n"
              },
              "uuid": "c92aae06-b652-4422-8389-7348b819dac1",
              "parentUUID": "bfa0feb1-0a5a-4450-acd9-b5ebb4825cdb",
              "isHook": false,
              "skipped": false
            }
          ],
          "suites": [],
          "passes": [],
          "failures": [
            "c92aae06-b652-4422-8389-7348b819dac1"
          ],
          "pending": [],
          "skipped": [],
          "duration": 12819,
          "root": false,
          "rootEmpty": false,
          "_timeout": 2000
        }
      ],
      "passes": [],
      "failures": [],
      "pending": [],
      "skipped": [],
      "duration": 0,
      "root": true,
      "rootEmpty": true,
      "_timeout": 2000
    }
  ],
  "meta": {
    "mocha": {
      "version": "7.2.0"
    },
    "mochawesome": {
      "options": {
        "quiet": false,
        "reportFilename": "mochawesome",
        "saveHtml": true,
        "saveJson": true,
        "consoleReporter": "spec",
        "useInlineDiffs": false,
        "code": true
      },
      "version": "7.1.4"
    },
    "marge": {
      "options": {
        "reportDir": "cypress/reports/mochawesome",
        "overwrite": false,
        "html": true,
        "json": true
      },
      "version": "6.3.2"
    }
  }
}